=== X/TWITTER AUDIT (1118 accounts) ===
DEAD: @0x0xfeng (2179 bytes)
DEAD: @0xC_Explorer (2187 bytes)
ACTIVE: @0xDeployer (407727)
DEAD: @0xHamz (2212 bytes)
ACTIVE: @0xJamesXXX (491225)
ACTIVE: @0xMaki (441517)
ACTIVE: @0xminion (427752)
ACTIVE: @0xngmi (409130)
ACTIVE: @0xNing0x (531061)
DEAD: @0xSami_ (20 bytes)
DEAD: @0xSisyphus (20 bytes)
DEAD: @0xSunNFT (20 bytes)
DEAD: @0xThoor (20 bytes)
DEAD: @0xUnicorn_ (20 bytes)
DEAD: @0xverybigorange (20 bytes)
DEAD: @0xWangarian (20 bytes)
DEAD: @100trillionUSD (20 bytes)
DEAD: @1confirmation (20 bytes)
DEAD: @1inch (20 bytes)
DEAD: @21Shares (20 bytes)
DEAD: @52kskew (20 bytes)
DEAD: @9gagceo (20 bytes)
DEAD: @a16zcrypto (20 bytes)
DEAD: @aantonop (20 bytes)
DEAD: @AaveAave (20 bytes)
DEAD: @abetrade (20 bytes)
DEAD: @Abracadabra_xyz (20 bytes)
DEAD: @AcalaNetwork (20 bytes)
DEAD: @adam3us (20 bytes)
DEAD: @AerodromeFinance (20 bytes)
DEAD: @AethirCloud (20 bytes)
DEAD: @agixbt (20 bytes)
DEAD: @aguilatrades (20 bytes)
DEAD: @ai_9684xtpa (20 bytes)
DEAD: @aixbt_agent (20 bytes)
DEAD: @AkashNetwork (20 bytes)
DEAD: @AlamedaFTX (20 bytes)
DEAD: @AlanaDLevin (20 bytes)
DEAD: @Alchemy_Official (20 bytes)
DEAD: @aleabitoreddit (20 bytes)
DEAD: @AlephZero (20 bytes)
DEAD: @AlgoFoundation (20 bytes)
DEAD: @alistairmilne (20 bytes)
DEAD: @alpharuncn (20 bytes)
DEAD: @alphatrends (20 bytes)
DEAD: @AltcoinBuzz (20 bytes)
DEAD: @AltcoinDailyio (20 bytes)
DEAD: @AltCoinGordon (20 bytes)
DEAD: @AltcoinPsycho (20 bytes)
DEAD: @AltcoinSara (20 bytes)
DEAD: @AltcoinSherpa (20 bytes)
DEAD: @AltCryptoGems (20 bytes)
DEAD: @AMBCrypto (20 bytes)
DEAD: @Amber_Group (20 bytes)
DEAD: @americanhodl (20 bytes)
DEAD: @AnatBerner (20 bytes)
DEAD: @AndreCronjeTech (20 bytes)
DEAD: @AndreMinionj (20 bytes)
DEAD: @AndrewKeys (20 bytes)
DEAD: @animocabrands (20 bytes)
DEAD: @ansem (20 bytes)
DEAD: @AntPMP (20 bytes)
DEAD: @ape_31 (20 bytes)
DEAD: @ApeCoin (20 bytes)
DEAD: @apeswapfinance (20 bytes)
DEAD: @APompliano (20 bytes)
DEAD: @Aptos (20 bytes)
DEAD: @AptosLabs (20 bytes)
DEAD: @arbitrum (20 bytes)
DEAD: @Archway_HQ (20 bytes)
DEAD: @AriannaSimpson (20 bytes)
DEAD: @AriDavidPaul (20 bytes)
DEAD: @ArjunKBhuptani (20 bytes)
DEAD: @ArkhamIntel (20 bytes)
DEAD: @ARKInvest (20 bytes)
DEAD: @artgobblers (20 bytes)
DEAD: @AscendEX_ (20 bytes)
DEAD: @ashen_one (20 bytes)
DEAD: @ashrobin (20 bytes)
DEAD: @AstarNetwork (20 bytes)
DEAD: @asvanevik (20 bytes)
DEAD: @ATOR_Protocol (20 bytes)
DEAD: @AuraFinance (20 bytes)
DEAD: @austingriffith (20 bytes)
DEAD: @AutismCapital (20 bytes)
DEAD: @autocompounder (20 bytes)
DEAD: @availproject (20 bytes)
DEAD: @AvaxOfficial (20 bytes)
DEAD: @avgjoescrypto (20 bytes)
DEAD: @AxelarNetwork (20 bytes)
DEAD: @AxieInfinity (20 bytes)
DEAD: @AztecNetwork (20 bytes)
DEAD: @azukizen (20 bytes)
DEAD: @B2C2Group (20 bytes)
DEAD: @BadgerofShame (20 bytes)
DEAD: @BagCalls (20 bytes)
DEAD: @balajis (20 bytes)
DEAD: @BalancerLabs (20 bytes)
DEAD: @Bankless (20 bytes)
DEAD: @BanklessHQ (20 bytes)
Progress: 100/1118 (6 active, 94 dead) [115s]
DEAD: @BanklessPod (20 bytes)
DEAD: @bantg (20 bytes)
DEAD: @BarbarossaDeFi (20 bytes)
DEAD: @BarrySilbert (20 bytes)
DEAD: @base (20 bytes)
DEAD: @BashCo_ (20 bytes)
DEAD: @bbands (20 bytes)
DEAD: @beefifinance (20 bytes)
DEAD: @benbybit (20 bytes)
DEAD: @BenGCrypto (20 bytes)
DEAD: @BenqiFinance (20 bytes)
DEAD: @benwehrman (20 bytes)
DEAD: @BenXCrypto (20 bytes)
DEAD: @berachain (20 bytes)
DEAD: @BertCMillerBTC (20 bytes)
