=== YOUTUBE AUDIT ===
DEAD: Alex Becker (UCKQvGU-qtjGlArsgMu7Bcrg)
ACTIVE: Altcoin Daily (UCbLhGKVY-bJPcawebgtNfbw)
DEAD: Anthony Pompliano (UCQrbbJKCRbsTCaK9xf34sZQ)
ACTIVE: Bankless (UCAl9Ld79qaZxp9JzEOwd3aA)
DEAD: Benjamin Cowen (UCRvqjQPSeaWn-uEx-w0XOIg)
DEAD: BitBoy Crypto (UCjemQfjaXAzA-95RKoy9n_g)
ACTIVE: Boxmining (UCxODjeUwZHk3p-7TU-IsDOA)
DEAD: Brian Jung (UCROBQsU_ABJQ2wBhdT_aBfQ)
ACTIVE: Coin Bureau (UCqK_GSMbpiV8spgD3ZGloSw)
DEAD: Coin Bureau Clips (UCB_HBJoETFHCIjDXBO2GGWA)
DEAD: Crypto Banter (UCN9Nj4tjXbVTLYWN0EKly_Q)
DEAD: Crypto Casey (UCuSGhbOAgNR1KQMz2-yz_CA)
DEAD: Crypto Daily (UC67AEEecqFEc92nVEqBreiA)
DEAD: Crypto Jebb (UCQglaVhGOsHop6McJKVYH_A)
DEAD: Crypto Mobster (UC6F5vfcNu-R3OGR9FXNwrig)
DEAD: CryptosRUs (UCI7M65p3A-D3P4v5qW8POxQ)
ACTIVE: Dapp University (UCY0xL8V6NzzFcwzHCgB8orQ)
DEAD: DataDash (UCCatR7nWbYrkVXdxXb4cGXw)
DEAD: Digital Asset News (UCJgHxpqfitLFB2eJKMGMhiA)
ACTIVE: EllioTrades (UCMtJYS0PrtiUwlk6zjGDEMA)
DEAD: Finematics (UCh1ob28ceGdqohUnR7vBACA)
DEAD: InvestAnswers (UClgJyzwGs-GyaNxUHcLZrkg)
ACTIVE: Ivan on Tech (UCrYmtJBtLdtm2ov84ulV-yg)
DEAD: JRNY Crypto (UC8s-JMdZEUHkXpGOPQzIC2g)
ACTIVE: Lark Davis (UCl2oCaw8hdR_kbqyqd2klIA)
DEAD: Miles Deutscher (UCVVX-7tHff75fRAEEEnZiAQ)
DEAD: Paul Barron Network (UCkiJFEfm3HmrEZMwzG5CYg)
DEAD: Raoul Pal (Real Vision) (UCBH5VZE_Y4F3CMcPIzPEB5A)
DEAD: Sheldon Evans (UCkU60bz7Uk55HiiRH5Nqe9A)
DEAD: Taiki Maeda (UCrDe0s5BlDAMr_dJzr1QJSA)
ACTIVE: The Defiant (UCL0J4MLEdLP0-UyLu0hCktg)
DEAD: The Moon Carl (UCc4Rz_T9Sb1w5SVhGoCbDyw)
DEAD: Unchained Podcast (UCWiiMnsnw5Isc2PP1wFe1BQ)
DEAD: Whiteboard Crypto (UCsYYksPHiGqXHPoHI-fm5sg)
YT_SUMMARY: total=34 active=9 dead=25
YT_DEAD_LIST:|Alex Becker|UCKQvGU-qtjGlArsgMu7Bcrg|Anthony Pompliano|UCQrbbJKCRbsTCaK9xf34sZQ|Benjamin Cowen|UCRvqjQPSeaWn-uEx-w0XOIg|BitBoy Crypto|UCjemQfjaXAzA-95RKoy9n_g|Brian Jung|UCROBQsU_ABJQ2wBhdT_aBfQ|Coin Bureau Clips|UCB_HBJoETFHCIjDXBO2GGWA|Crypto Banter|UCN9Nj4tjXbVTLYWN0EKly_Q|Crypto Casey|UCuSGhbOAgNR1KQMz2-yz_CA|Crypto Daily|UC67AEEecqFEc92nVEqBreiA|Crypto Jebb|UCQglaVhGOsHop6McJKVYH_A|Crypto Mobster|UC6F5vfcNu-R3OGR9FXNwrig|CryptosRUs|UCI7M65p3A-D3P4v5qW8POxQ|DataDash|UCCatR7nWbYrkVXdxXb4cGXw|Digital Asset News|UCJgHxpqfitLFB2eJKMGMhiA|Finematics|UCh1ob28ceGdqohUnR7vBACA|InvestAnswers|UClgJyzwGs-GyaNxUHcLZrkg|JRNY Crypto|UC8s-JMdZEUHkXpGOPQzIC2g|Miles Deutscher|UCVVX-7tHff75fRAEEEnZiAQ|Paul Barron Network|UCkiJFEfm3HmrEZMwzG5CYg|Raoul Pal (Real Vision)|UCBH5VZE_Y4F3CMcPIzPEB5A|Sheldon Evans|UCkU60bz7Uk55HiiRH5Nqe9A|Taiki Maeda|UCrDe0s5BlDAMr_dJzr1QJSA|The Moon Carl|UCc4Rz_T9Sb1w5SVhGoCbDyw|Unchained Podcast|UCWiiMnsnw5Isc2PP1wFe1BQ|Whiteboard Crypto|UCsYYksPHiGqXHPoHI-fm5sg

=== INSTAGRAM AUDIT ===
ACTIVE: cryptonary
ACTIVE: cryptoexplorer
ACTIVE: bitboy_crypto
ACTIVE: altcoindaily
ACTIVE: sharecrypto
ACTIVE: cointelegraph
ACTIVE: coindesk
ACTIVE: coingrams
ACTIVE: thecryptograph
ACTIVE: investdiva
ACTIVE: coin.bureau
ACTIVE: coinmarketcap
ACTIVE: coingecko
ACTIVE: bitcoinmagazine
ACTIVE: thecryptolarkdavisofficial
ACTIVE: vitallybuterin
ACTIVE: coinbase
ACTIVE: binance
ACTIVE: solana
ACTIVE: layahheilpern
ACTIVE: cryptowendyo
ACTIVE: cryptohumor
ACTIVE: thefatbitcoin
ACTIVE: cryptojack
ACTIVE: cryptocasey
ACTIVE: girl_gone_crypto
UNCLEAR: felix_hartmann (login required)
UNCLEAR: thecryptolark (login required)
UNCLEAR: ivanontech (login required)
UNCLEAR: cryptofinally (login required)
UNCLEAR: coinstats (login required)
UNCLEAR: thecoinrise (login required)
UNCLEAR: cryptostache (login required)
UNCLEAR: scottmelker (login required)
UNCLEAR: crypto_daily (login required)
UNCLEAR: cryptoland_ (login required)
UNCLEAR: polkadotnetwork (login required)
UNCLEAR: thedefiant.io (login required)
UNCLEAR: cryptoworldjosh (login required)
UNCLEAR: krypticrooks (login required)
UNCLEAR: tombilyeu (login required)
UNCLEAR: nftcollector (login required)
UNCLEAR: cryptomason (login required)
UNCLEAR: cryptobanter (login required)
IG_SUMMARY: total=44 active=26 dead=0
IG_DEAD_LIST:

=== REDDIT AUDIT ===
ACTIVE: r/0xPolygon (65291 subscribers)
DEAD: r/AirdropAlert (banned/private/404)
ACTIVE: r/airdrops (57082 subscribers)
ACTIVE: r/algorand (87073 subscribers)
ACTIVE: r/altcoin (241860 subscribers)
ACTIVE: r/AltStreetBets (68381 subscribers)
ACTIVE: r/Aptos (8947 subscribers)
ACTIVE: r/arbitrum (22320 subscribers)
ACTIVE: r/ArtificialInteligence (1697149 subscribers)
DEAD: r/Avalanche (banned/private/404)
ACTIVE: r/Avax (59917 subscribers)
ACTIVE: r/BaseChain (1528 subscribers)
ACTIVE: r/binance (923722 subscribers)
ACTIVE: r/bitcoin (8088688 subscribers)
ACTIVE: r/BitcoinDE (9283 subscribers)
ACTIVE: r/bitcoinmarkets (306805 subscribers)
ACTIVE: r/Buttcoin (210407 subscribers)
ACTIVE: r/cardano (728531 subscribers)
ACTIVE: r/Chainlink (94425 subscribers)
ACTIVE: r/cosmosnetwork (99414 subscribers)
ACTIVE: r/CryptoAirdrops (1967 subscribers)
ACTIVE: r/CryptoAnalysis (8 subscribers)
ACTIVE: r/CryptoCurrencies (424352 subscribers)
ACTIVE: r/cryptocurrency (10038781 subscribers)
ACTIVE: r/CryptoCurrencyTrading (193325 subscribers)
DEAD: r/CryptoGemDiscovery (banned/private/404)
ACTIVE: r/CryptoIndia (319361 subscribers)
ACTIVE: r/CryptoMarkets (1938213 subscribers)
ACTIVE: r/CryptoMars (181419 subscribers)
ACTIVE: r/CryptoMexico (7053 subscribers)
ACTIVE: r/CryptoMoonShots (2280779 subscribers)
ACTIVE: r/CryptoReality (17007 subscribers)
ACTIVE: r/CryptoTechnology (1320288 subscribers)
ACTIVE: r/CryptoTrading (14138 subscribers)
ACTIVE: r/defi (168222 subscribers)
ACTIVE: r/DeFiChain (11 subscribers)
ACTIVE: r/depin (190 subscribers)
ACTIVE: r/dogecoin (2557416 subscribers)
ACTIVE: r/ethereum (3714056 subscribers)
ACTIVE: r/ethfinance (93822 subscribers)
ACTIVE: r/ethtrader (2342540 subscribers)
ACTIVE: r/Fantom (1130 subscribers)
ACTIVE: r/Hedera (91409 subscribers)
ACTIVE: r/ICOCrypto (78315 subscribers)
ACTIVE: r/injective (13957 subscribers)
ACTIVE: r/Kaspa (39024 subscribers)
ACTIVE: r/layer2 (553 subscribers)
ACTIVE: r/LiquidityMining (6408 subscribers)
ACTIVE: r/Litecoin (374228 subscribers)
ACTIVE: r/LowCapCrypto (426 subscribers)
ACTIVE: r/MakerDAO (37691 subscribers)
ACTIVE: r/memecoin (1308 subscribers)
ACTIVE: r/Monero (363384 subscribers)
ACTIVE: r/NEARProtocol (20457 subscribers)
ACTIVE: r/NFT (2728323 subscribers)
ACTIVE: r/NFTsMarketplace (317482 subscribers)
ACTIVE: r/opensea (183710 subscribers)
ACTIVE: r/Optimism (8493 subscribers)
UNCLEAR: r/pennycryptocurrency
ACTIVE: r/polkadot (93511 subscribers)
ACTIVE: r/Ripple (384473 subscribers)
ACTIVE: r/SatoshiStreetBets (758174 subscribers)
ACTIVE: r/SatoshiStreetDegens (41375 subscribers)
ACTIVE: r/ShibArmy (549282 subscribers)
ACTIVE: r/singularitynet (14525 subscribers)
ACTIVE: r/solana (496257 subscribers)
UNCLEAR: r/SolanaMemecoin
UNCLEAR: r/SSBcrackheads
UNCLEAR: r/Stacks
UNCLEAR: r/Stellar
UNCLEAR: r/Sui
UNCLEAR: r/technicalanalysis
UNCLEAR: r/TechnicalAnalysis_Crypto
UNCLEAR: r/Tezos
UNCLEAR: r/Toncoin
UNCLEAR: r/UniSwap
UNCLEAR: r/VeChain
UNCLEAR: r/wallstreetbetscrypto
UNCLEAR: r/XRP
UNCLEAR: r/yield_farming
UNCLEAR: r/zkSync
REDDIT_SUMMARY: total=81 active=62 dead=3
REDDIT_DEAD_LIST:|AirdropAlert|Avalanche|CryptoGemDiscovery

=== PHASE 1 COMPLETE (YT/IG/Reddit) ===
