ACTIVE: a16z_crypto
ACTIVE: AaveChannel
ACTIVE: abcde_capital
ACTIVE: AerodromeFiChannel
ACTIVE: ai16z_channel
ACTIVE: ai16z_dao
ACTIVE: ai_news_channel
ACTIVE: AirdropAlert
ACTIVE: AISolanaGems
ACTIVE: akash_official
ACTIVE: AkashNW
ACTIVE: altcoinbuzz
ACTIVE: altcoingordon
ACTIVE: ambcrypto
ACTIVE: ansem_channel
ACTIVE: aptos_official
DEAD: arbitrum_official
ACTIVE: arkaboraintelligence
ACTIVE: arkham_intelligence
ACTIVE: arthur_hayes_channel
DEAD: avalanche_avax
ACTIVE: axie_official
DEAD: azuki_official
ACTIVE: babelfinance
ACTIVE: balaji_channel
ACTIVE: BalancerChannel
ACTIVE: bankaboraess_hq
DEAD: base_channel
ACTIVE: BeInCrypto
ACTIVE: BeInCryptoES
ACTIVE: binance_announcements
ACTIVE: binancekillers
ACTIVE: BingXEnglish
ACTIVE: BingXofficial
DEAD: birdeye_so
ACTIVE: Bitcoin2Go_Channel
ACTIVE: Bitcoin2GoNews
ACTIVE: bitcoinist_news
ACTIVE: bitcoinmagazine
ACTIVE: bitfinex_official
ACTIVE: Bitget_Announcements
ACTIVE: BitgetEN
ACTIVE: bitpush
ACTIVE: bitstamp_official
ACTIVE: bittensor_official
ACTIVE: blknoiz06_channel
DEAD: blocktempo
ACTIVE: blocktrainerYT
ACTIVE: Blockworks_News
ACTIVE: blur_nft
ACTIVE: bonk_official
ACTIVE: boredape_official
ACTIVE: btcecho
ACTIVE: BubbleMaps
ACTIVE: BybitOfficial_Channel
ACTIVE: celestia_official
ACTIVE: certik_official
ACTIVE: chainalysis_alerts
ACTIVE: chainalysis_official
ACTIVE: ChainCatcher
ACTIVE: chainlinkofficial
DEAD: chainnewscn
ACTIVE: cobie_channel
ACTIVE: coinbase_official
ACTIVE: coinbureau
ACTIVE: CoinCodeCap
ACTIVE: CoinCodex
ACTIVE: CoindeskGlobal
ACTIVE: coingape
ACTIVE: coingecko
ACTIVE: CoinMarketCap
ACTIVE: CoinMarketCapNews
ACTIVE: CoinPaprika
ACTIVE: Cointelegraph
ACTIVE: CoinTelegraph_ES
ACTIVE: cointime_cn
ACTIVE: colin_wu_real
ACTIVE: CompoundFinanceChannel
ACTIVE: ConvexFinanceChannel
ACTIVE: cosmos_official
ACTIVE: crediblecrypto
ACTIVE: criptonoticias
ACTIVE: CriptoTendencias
ACTIVE: crypto100xprojects
DEAD: crypto_dotcom
ACTIVE: Crypto_FinderNews
ACTIVE: cryptobanter_official
ACTIVE: cryptobirb_channel
ACTIVE: cryptobriefing
ACTIVE: CryptoComAnn
ACTIVE: CryptoComOfficial
ACTIVE: cryptodaku
ACTIVE: cryptoinnercircle
ACTIVE: cryptokaleo_channel
ACTIVE: CryptoLeaksHub
ACTIVE: CryptoMondayNews
ACTIVE: cryptonarratives1
ACTIVE: cryptopotato_com
ACTIVE: cryptoquant_alert
ACTIVE: CryptoRank_News
ACTIVE: CryptoSlateNews
ACTIVE: CryptoWesearch
ACTIVE: CurveFinanceChannel
ACTIVE: daboraune_analytics
ACTIVE: debank_alerts
ACTIVE: DeBank_Official
DEAD: decrypt_daily
ACTIVE: defidaily
ACTIVE: defiignas
ACTIVE: DeFiLlama_News
ACTIVE: DeFimillion
ACTIVE: defimon_alerts
ACTIVE: DeFiPrime
ACTIVE: degentrading
DEAD: delphi_digital
ACTIVE: DEXToolsNews
ACTIVE: DiarioBitcoin
DEAD: dimo_network
ACTIVE: dlaboraews_info
DEAD: doge_official
ACTIVE: dragonfly_channel
ACTIVE: dYdXChannel
DEAD: EigenLayerChannel
DEAD: electric_capital
ACTIVE: elliptic_official
ACTIVE: EmberCN_alerts
ACTIVE: EthenaLabs
ACTIVE: EtherFiChannel
DEAD: fenbushi_capital
ACTIVE: fetch_ai_channel
ACTIVE: floki_official
ACTIVE: ForesightNews
ACTIVE: gala_games
ACTIVE: galaxy_digital
ACTIVE: gate_cn
ACTIVE: gateio
ACTIVE: gemini_official
ACTIVE: geodnet_official
ACTIVE: glassnode_alerts
ACTIVE: GMXChannel
ACTIVE: hashglobal
ACTIVE: helium_network
ACTIVE: hivemapper_official
ACTIVE: hsaka_trades
ACTIVE: htx_official
DEAD: huobi_cn
DEAD: HyperliquidX
ACTIVE: ICODrops
DEAD: illuvium_official
ACTIVE: immutable_official
ACTIVE: infinityhedge
ACTIVE: intotheblock
ACTIVE: io_net
ACTIVE: ionet_official
ACTIVE: IoTeXChannel
ACTIVE: jinse_finance
ACTIVE: JupiterExchange
ACTIVE: kraken_official
ACTIVE: KuCoin_Exchange
ACTIVE: KuCoin_News
ACTIVE: LidoFinanceChannel
ACTIVE: linea_build
ACTIVE: Lookonchain
ACTIVE: magic_eden_channel
ACTIVE: MakerDAOChannel
ACTIVE: MarinadeFi
DEAD: marsfinance
ACTIVE: memecoin_alerts
ACTIVE: messari_daily
DEAD: messaricrypto
ACTIVE: mexc_official
ACTIVE: milesdeutscher
ACTIVE: misttrack_alert
ACTIVE: monad_official
ACTIVE: msgeth
ACTIVE: multicoin_capital
ACTIVE: naborasen_ai
ACTIVE: nansen_portfolio
ACTIVE: natix_official
ACTIVE: near_official
ACTIVE: NEAR_Protocol
ACTIVE: NewsBTC_Channel
ACTIVE: NosanaCI
DEAD: ocean_protocol
ACTIVE: ODaily_News
ACTIVE: officer_cia
ACTIVE: okx_cn
ACTIVE: OKXAnnouncements
ACTIVE: OlimpioAlpha
ACTIVE: onchain_lens
ACTIVE: opensea_official
ACTIVE: optimaboraism_io
ACTIVE: PancakeSwapChannel
ACTIVE: panewslab
ACTIVE: PANewsOfficial
ACTIVE: pantera_capital
DEAD: paradigm_official
ACTIVE: peckshield
ACTIVE: peckshield_alert
ACTIVE: PendleFinanceChannel
ACTIVE: pentoshi_channel
ACTIVE: pepe_official
ACTIVE: phemex_official
ACTIVE: placeholder_vc
ACTIVE: polkadot_official
ACTIVE: polygon_official
ACTIVE: polymarket_official
DEAD: pudgy_penguins
ACTIVE: pump_fun_official
ACTIVE: raoul_pal_channel
ACTIVE: RaydiumProtocol
ACTIVE: rekt_news
ACTIVE: render_network
ACTIVE: RenderNetwork
ACTIVE: ronin_official
ACTIVE: route2fi_channel
ACTIVE: samczsun_channel
ACTIVE: santiment_network
ACTIVE: Satoshi_Club
ACTIVE: SatoshiStreetBets
ACTIVE: scroll_official
ACTIVE: sei_network
ACTIVE: sheldon_sniper
DEAD: shiba_official
ACTIVE: silencio_network
ACTIVE: singularitynet_channel
ACTIVE: singularitynet_official
ACTIVE: slowmist_team
ACTIVE: solana_official
ACTIVE: solananews
ACTIVE: SolanaTrending
ACTIVE: solanawhaletracking
ACTIVE: spot_onchain
ACTIVE: SpotOnChain
ACTIVE: star_atlas_channel
ACTIVE: StargateFinanceChannel
ACTIVE: starknet_official
ACTIVE: sui_network
ACTIVE: SushiSwapChannel
ACTIVE: SynthetixChannel
ACTIVE: TechFlowPost
ACTIVE: the_block_crypto
ACTIVE: TheBlockBeats
ACTIVE: thecryptolark
ACTIVE: TheDailyHodl
ACTIVE: thedefiant
ACTIVE: TheDefiant_io
ACTIVE: tier10k_channel
ACTIVE: TokenTerminal
ACTIVE: ton_official
ACTIVE: TraderJoeChannel
ACTIVE: TreeNewsFeed
ACTIVE: u_today_channel
ACTIVE: unchainedcrypto
ACTIVE: UniswapChannel
ACTIVE: VelodromeFiChannel
DEAD: virtual_protocol
ACTIVE: vitalik_channel
ACTIVE: WatcherGuru
DEAD: waterdrip_capital
ACTIVE: weatherxm_official
ACTIVE: whale_alert_io
ACTIVE: whale_room
ACTIVE: whalealert
ACTIVE: wif_official
ACTIVE: worldcoin_channel
ACTIVE: wublock
ACTIVE: xnet_mobile
ACTIVE: YearnFinanceChannel
ACTIVE: ZachXBT
ACTIVE: zksync_era
TG_SUMMARY: total=271 active=245 dead=26
TG_DEAD_LIST:|arbitrum_official|avalanche_avax|azuki_official|base_channel|birdeye_so|blocktempo|chainnewscn|crypto_dotcom|decrypt_daily|delphi_digital|dimo_network|doge_official|EigenLayerChannel|electric_capital|fenbushi_capital|huobi_cn|HyperliquidX|illuvium_official|marsfinance|messaricrypto|ocean_protocol|paradigm_official|pudgy_penguins|shiba_official|virtual_protocol|waterdrip_capital
