PomesTeam Comment Monitor - 2026-03-04 20:00 EST
=================================================

✅ API Status: Success
🔑 Token: page_token (never expires)
📊 Posts checked: 15
💬 Total comments found: 13
✅ Already replied: 13
🎯 New comments to reply: 0

COMMENT ANALYSIS:
-----------------
Post #1 (Halloween Justice League):
  - izzy_lu_and.the_crazy_zoo: ✅ REPLIED (2 replies)

Post #2 (Recovery mode):
  - catlove2215: ✅ REPLIED (1 reply)

Post #5 (Zhouzhuang):
  - goru37373: ✅ REPLIED (1 reply)

Post #6 (Lanna spa):
  - gbyrinha: ✅ REPLIED (1 reply)
  - kazumi6139: ✅ REPLIED (1 reply)
  - pomesteam: ⏭️ SKIPPED (own comment)
  - dogdi5: ✅ REPLIED (1 reply)

Post #14 (Friday energy):
  - gbyrinha: ✅ REPLIED (1 reply)
  - jaat_raj00064: ✅ REPLIED (1 reply)
  - dog_lover_55502: ✅ REPLIED (1 reply)
  - pomesteam: ⏭️ SKIPPED (own comment)

RESULT:
-------
🎉 All external comments have been answered!
📈 Engagement is fully up-to-date
⏱️ Next check: 2026-03-04 23:00 EST

No action needed this round.
